[0.023s] Invoking command in '/root/Stogl/my_new_workspace/src/schunk_robots/build/schunk_lwa4p': CMAKE_PREFIX_PATH=/opt/ros/rolling PS1=\[\e[0;37m\][\t]\[\[\e[1;32m\]\u\[\[\e[0;37m\]@\[\[\e[0;33m\]\h\[\[\e[1;33m\]${text}\[\[\e[0;37m\]:\[$(set_ros_workspace_color)\]$(parse_ros_workspace)\[\[\e[0;32m\]$(parse_git_branch_and_add_brackets)>\[\[\e[1;35m\]\W\[\[\e[1;35m\]$\[\[\e[0m\]\[\e[m\] /usr/bin/cmake --build /root/Stogl/my_new_workspace/src/schunk_robots/build/schunk_lwa4p -- -j8 -l8
[0.054s] Invoked command in '/root/Stogl/my_new_workspace/src/schunk_robots/build/schunk_lwa4p' returned '0': CMAKE_PREFIX_PATH=/opt/ros/rolling PS1=\[\e[0;37m\][\t]\[\[\e[1;32m\]\u\[\[\e[0;37m\]@\[\[\e[0;33m\]\h\[\[\e[1;33m\]${text}\[\[\e[0;37m\]:\[$(set_ros_workspace_color)\]$(parse_ros_workspace)\[\[\e[0;32m\]$(parse_git_branch_and_add_brackets)>\[\[\e[1;35m\]\W\[\[\e[1;35m\]$\[\[\e[0m\]\[\e[m\] /usr/bin/cmake --build /root/Stogl/my_new_workspace/src/schunk_robots/build/schunk_lwa4p -- -j8 -l8
[0.079s] Invoking command in '/root/Stogl/my_new_workspace/src/schunk_robots/build/schunk_lwa4p': CMAKE_PREFIX_PATH=/opt/ros/rolling PS1=\[\e[0;37m\][\t]\[\[\e[1;32m\]\u\[\[\e[0;37m\]@\[\[\e[0;33m\]\h\[\[\e[1;33m\]${text}\[\[\e[0;37m\]:\[$(set_ros_workspace_color)\]$(parse_ros_workspace)\[\[\e[0;32m\]$(parse_git_branch_and_add_brackets)>\[\[\e[1;35m\]\W\[\[\e[1;35m\]$\[\[\e[0m\]\[\e[m\] /usr/bin/cmake --install /root/Stogl/my_new_workspace/src/schunk_robots/build/schunk_lwa4p
[0.086s] -- Install configuration: ""
[0.086s] -- Up-to-date: /root/Stogl/my_new_workspace/src/schunk_robots/install/schunk_lwa4p/share/ament_index/resource_index/package_run_dependencies/schunk_lwa4p
[0.086s] -- Up-to-date: /root/Stogl/my_new_workspace/src/schunk_robots/install/schunk_lwa4p/share/ament_index/resource_index/parent_prefix_path/schunk_lwa4p
[0.087s] -- Up-to-date: /root/Stogl/my_new_workspace/src/schunk_robots/install/schunk_lwa4p/share/schunk_lwa4p/environment/ament_prefix_path.sh
[0.087s] -- Up-to-date: /root/Stogl/my_new_workspace/src/schunk_robots/install/schunk_lwa4p/share/schunk_lwa4p/environment/ament_prefix_path.dsv
[0.087s] -- Up-to-date: /root/Stogl/my_new_workspace/src/schunk_robots/install/schunk_lwa4p/share/schunk_lwa4p/environment/path.sh
[0.087s] -- Up-to-date: /root/Stogl/my_new_workspace/src/schunk_robots/install/schunk_lwa4p/share/schunk_lwa4p/environment/path.dsv
[0.088s] -- Up-to-date: /root/Stogl/my_new_workspace/src/schunk_robots/install/schunk_lwa4p/share/schunk_lwa4p/local_setup.bash
[0.088s] -- Up-to-date: /root/Stogl/my_new_workspace/src/schunk_robots/install/schunk_lwa4p/share/schunk_lwa4p/local_setup.sh
[0.089s] -- Up-to-date: /root/Stogl/my_new_workspace/src/schunk_robots/install/schunk_lwa4p/share/schunk_lwa4p/local_setup.zsh
[0.089s] -- Up-to-date: /root/Stogl/my_new_workspace/src/schunk_robots/install/schunk_lwa4p/share/schunk_lwa4p/local_setup.dsv
[0.089s] -- Up-to-date: /root/Stogl/my_new_workspace/src/schunk_robots/install/schunk_lwa4p/share/schunk_lwa4p/package.dsv
[0.089s] -- Up-to-date: /root/Stogl/my_new_workspace/src/schunk_robots/install/schunk_lwa4p/share/ament_index/resource_index/packages/schunk_lwa4p
[0.089s] -- Up-to-date: /root/Stogl/my_new_workspace/src/schunk_robots/install/schunk_lwa4p/share/schunk_lwa4p/cmake/schunk_lwa4pConfig.cmake
[0.090s] -- Up-to-date: /root/Stogl/my_new_workspace/src/schunk_robots/install/schunk_lwa4p/share/schunk_lwa4p/cmake/schunk_lwa4pConfig-version.cmake
[0.090s] -- Up-to-date: /root/Stogl/my_new_workspace/src/schunk_robots/install/schunk_lwa4p/share/schunk_lwa4p/package.xml
[0.090s] -- Up-to-date: /root/Stogl/my_new_workspace/src/schunk_robots/install/schunk_lwa4p/share/schunk_lwa4p//config
[0.091s] -- Up-to-date: /root/Stogl/my_new_workspace/src/schunk_robots/install/schunk_lwa4p/share/schunk_lwa4p//config/arm_controller.yaml
[0.091s] -- Up-to-date: /root/Stogl/my_new_workspace/src/schunk_robots/install/schunk_lwa4p/share/schunk_lwa4p//config/joint_limits.yaml
[0.091s] -- Up-to-date: /root/Stogl/my_new_workspace/src/schunk_robots/install/schunk_lwa4p/share/schunk_lwa4p//config/arm_cartesian_controller.yaml
[0.091s] -- Up-to-date: /root/Stogl/my_new_workspace/src/schunk_robots/install/schunk_lwa4p/share/schunk_lwa4p//config/diagnostics_analyzers.yaml
[0.091s] -- Up-to-date: /root/Stogl/my_new_workspace/src/schunk_robots/install/schunk_lwa4p/share/schunk_lwa4p//config/arm_self_collision.yaml
[0.091s] -- Up-to-date: /root/Stogl/my_new_workspace/src/schunk_robots/install/schunk_lwa4p/share/schunk_lwa4p//config/can0.yaml
[0.091s] -- Up-to-date: /root/Stogl/my_new_workspace/src/schunk_robots/install/schunk_lwa4p/share/schunk_lwa4p//config/arm_driver.yaml
[0.092s] -- Up-to-date: /root/Stogl/my_new_workspace/src/schunk_robots/install/schunk_lwa4p/share/schunk_lwa4p//config/Schunk_0_63.dcf
[0.092s] -- Up-to-date: /root/Stogl/my_new_workspace/src/schunk_robots/install/schunk_lwa4p/share/schunk_lwa4p//config/command_gui_buttons.yaml
[0.092s] -- Up-to-date: /root/Stogl/my_new_workspace/src/schunk_robots/install/schunk_lwa4p/share/schunk_lwa4p//config/joint_configurations.yaml
[0.093s] -- Up-to-date: /root/Stogl/my_new_workspace/src/schunk_robots/install/schunk_lwa4p/share/schunk_lwa4p//launch
[0.093s] -- Installing: /root/Stogl/my_new_workspace/src/schunk_robots/install/schunk_lwa4p/share/schunk_lwa4p//launch/__pycache__
[0.094s] -- Installing: /root/Stogl/my_new_workspace/src/schunk_robots/install/schunk_lwa4p/share/schunk_lwa4p//launch/__pycache__/view_robot.launch.cpython-310.pyc
[0.094s] -- Up-to-date: /root/Stogl/my_new_workspace/src/schunk_robots/install/schunk_lwa4p/share/schunk_lwa4p//launch/cartesian_controller.launch
[0.095s] -- Up-to-date: /root/Stogl/my_new_workspace/src/schunk_robots/install/schunk_lwa4p/share/schunk_lwa4p//launch/sim.launch
[0.096s] -- Up-to-date: /root/Stogl/my_new_workspace/src/schunk_robots/install/schunk_lwa4p/share/schunk_lwa4p//launch/test_description.launch
[0.097s] -- Up-to-date: /root/Stogl/my_new_workspace/src/schunk_robots/install/schunk_lwa4p/share/schunk_lwa4p//launch/robot.launch
[0.098s] -- Up-to-date: /root/Stogl/my_new_workspace/src/schunk_robots/install/schunk_lwa4p/share/schunk_lwa4p//launch/install
[0.100s] -- Up-to-date: /root/Stogl/my_new_workspace/src/schunk_robots/install/schunk_lwa4p/share/schunk_lwa4p//launch/install/local_setup.sh
[0.102s] -- Up-to-date: /root/Stogl/my_new_workspace/src/schunk_robots/install/schunk_lwa4p/share/schunk_lwa4p//launch/install/local_setup.bash
[0.103s] -- Up-to-date: /root/Stogl/my_new_workspace/src/schunk_robots/install/schunk_lwa4p/share/schunk_lwa4p//launch/install/.colcon_install_layout
[0.103s] -- Up-to-date: /root/Stogl/my_new_workspace/src/schunk_robots/install/schunk_lwa4p/share/schunk_lwa4p//launch/install/setup.ps1
[0.104s] -- Up-to-date: /root/Stogl/my_new_workspace/src/schunk_robots/install/schunk_lwa4p/share/schunk_lwa4p//launch/install/setup.sh
[0.104s] -- Up-to-date: /root/Stogl/my_new_workspace/src/schunk_robots/install/schunk_lwa4p/share/schunk_lwa4p//launch/install/setup.bash
[0.105s] -- Up-to-date: /root/Stogl/my_new_workspace/src/schunk_robots/install/schunk_lwa4p/share/schunk_lwa4p//launch/install/_local_setup_util_ps1.py
[0.106s] -- Up-to-date: /root/Stogl/my_new_workspace/src/schunk_robots/install/schunk_lwa4p/share/schunk_lwa4p//launch/install/COLCON_IGNORE
[0.106s] -- Up-to-date: /root/Stogl/my_new_workspace/src/schunk_robots/install/schunk_lwa4p/share/schunk_lwa4p//launch/install/setup.zsh
[0.107s] -- Up-to-date: /root/Stogl/my_new_workspace/src/schunk_robots/install/schunk_lwa4p/share/schunk_lwa4p//launch/install/local_setup.zsh
[0.107s] -- Up-to-date: /root/Stogl/my_new_workspace/src/schunk_robots/install/schunk_lwa4p/share/schunk_lwa4p//launch/install/_local_setup_util_sh.py
[0.107s] -- Up-to-date: /root/Stogl/my_new_workspace/src/schunk_robots/install/schunk_lwa4p/share/schunk_lwa4p//launch/install/local_setup.ps1
[0.107s] -- Installing: /root/Stogl/my_new_workspace/src/schunk_robots/install/schunk_lwa4p/share/schunk_lwa4p//launch/view_robot.launch.py
[0.108s] -- Up-to-date: /root/Stogl/my_new_workspace/src/schunk_robots/install/schunk_lwa4p/share/schunk_lwa4p//launch/build
[0.108s] -- Up-to-date: /root/Stogl/my_new_workspace/src/schunk_robots/install/schunk_lwa4p/share/schunk_lwa4p//launch/build/.built_by
[0.108s] -- Up-to-date: /root/Stogl/my_new_workspace/src/schunk_robots/install/schunk_lwa4p/share/schunk_lwa4p//launch/build/COLCON_IGNORE
[0.109s] -- Up-to-date: /root/Stogl/my_new_workspace/src/schunk_robots/install/schunk_lwa4p/share/schunk_lwa4p//launch/test_description.rviz
[0.109s] -- Up-to-date: /root/Stogl/my_new_workspace/src/schunk_robots/install/schunk_lwa4p/share/schunk_lwa4p//launch/dashboard.launch
[0.109s] -- Up-to-date: /root/Stogl/my_new_workspace/src/schunk_robots/install/schunk_lwa4p/share/schunk_lwa4p//launch/log
[0.109s] -- Up-to-date: /root/Stogl/my_new_workspace/src/schunk_robots/install/schunk_lwa4p/share/schunk_lwa4p//launch/log/build_2022-09-23_04-20-47
[0.109s] -- Up-to-date: /root/Stogl/my_new_workspace/src/schunk_robots/install/schunk_lwa4p/share/schunk_lwa4p//launch/log/build_2022-09-23_04-20-47/logger_all.log
[0.110s] -- Up-to-date: /root/Stogl/my_new_workspace/src/schunk_robots/install/schunk_lwa4p/share/schunk_lwa4p//launch/log/build_2022-09-23_04-20-47/events.log
[0.110s] -- Up-to-date: /root/Stogl/my_new_workspace/src/schunk_robots/install/schunk_lwa4p/share/schunk_lwa4p//launch/log/build_2022-09-23_04-22-50
[0.110s] -- Up-to-date: /root/Stogl/my_new_workspace/src/schunk_robots/install/schunk_lwa4p/share/schunk_lwa4p//launch/log/build_2022-09-23_04-22-50/logger_all.log
[0.111s] -- Up-to-date: /root/Stogl/my_new_workspace/src/schunk_robots/install/schunk_lwa4p/share/schunk_lwa4p//launch/log/build_2022-09-23_04-22-50/events.log
[0.111s] -- Up-to-date: /root/Stogl/my_new_workspace/src/schunk_robots/install/schunk_lwa4p/share/schunk_lwa4p//launch/log/latest
[0.111s] -- Up-to-date: /root/Stogl/my_new_workspace/src/schunk_robots/install/schunk_lwa4p/share/schunk_lwa4p//launch/log/build_2022-09-23_04-22-18
[0.111s] -- Up-to-date: /root/Stogl/my_new_workspace/src/schunk_robots/install/schunk_lwa4p/share/schunk_lwa4p//launch/log/build_2022-09-23_04-22-18/logger_all.log
[0.113s] -- Up-to-date: /root/Stogl/my_new_workspace/src/schunk_robots/install/schunk_lwa4p/share/schunk_lwa4p//launch/log/build_2022-09-23_04-22-18/events.log
[0.114s] -- Up-to-date: /root/Stogl/my_new_workspace/src/schunk_robots/install/schunk_lwa4p/share/schunk_lwa4p//launch/log/build_2022-09-23_04-22-22
[0.114s] -- Up-to-date: /root/Stogl/my_new_workspace/src/schunk_robots/install/schunk_lwa4p/share/schunk_lwa4p//launch/log/build_2022-09-23_04-22-22/logger_all.log
[0.114s] -- Up-to-date: /root/Stogl/my_new_workspace/src/schunk_robots/install/schunk_lwa4p/share/schunk_lwa4p//launch/log/build_2022-09-23_04-22-22/events.log
[0.115s] -- Up-to-date: /root/Stogl/my_new_workspace/src/schunk_robots/install/schunk_lwa4p/share/schunk_lwa4p//launch/log/COLCON_IGNORE
[0.116s] -- Up-to-date: /root/Stogl/my_new_workspace/src/schunk_robots/install/schunk_lwa4p/share/schunk_lwa4p//launch/log/build_2022-09-23_04-22-30
[0.117s] -- Up-to-date: /root/Stogl/my_new_workspace/src/schunk_robots/install/schunk_lwa4p/share/schunk_lwa4p//launch/log/build_2022-09-23_04-22-30/logger_all.log
[0.118s] -- Up-to-date: /root/Stogl/my_new_workspace/src/schunk_robots/install/schunk_lwa4p/share/schunk_lwa4p//launch/log/build_2022-09-23_04-22-30/events.log
[0.118s] -- Up-to-date: /root/Stogl/my_new_workspace/src/schunk_robots/install/schunk_lwa4p/share/schunk_lwa4p//launch/log/latest_build
[0.119s] -- Up-to-date: /root/Stogl/my_new_workspace/src/schunk_robots/install/schunk_lwa4p/share/schunk_lwa4p//launch/log/build_2022-09-23_04-22-02
[0.122s] -- Up-to-date: /root/Stogl/my_new_workspace/src/schunk_robots/install/schunk_lwa4p/share/schunk_lwa4p//launch/log/build_2022-09-23_04-22-02/logger_all.log
[0.122s] -- Up-to-date: /root/Stogl/my_new_workspace/src/schunk_robots/install/schunk_lwa4p/share/schunk_lwa4p//launch/log/build_2022-09-23_04-22-02/events.log
[0.123s] -- Up-to-date: /root/Stogl/my_new_workspace/src/schunk_robots/install/schunk_lwa4p/share/schunk_lwa4p//urdf
[0.123s] -- Up-to-date: /root/Stogl/my_new_workspace/src/schunk_robots/install/schunk_lwa4p/share/schunk_lwa4p//urdf/robot.urdf.xacro
[0.124s] -- Up-to-date: /root/Stogl/my_new_workspace/src/schunk_robots/install/schunk_lwa4p/share/schunk_lwa4p//urdf/test
[0.124s] -- Up-to-date: /root/Stogl/my_new_workspace/src/schunk_robots/install/schunk_lwa4p/share/schunk_lwa4p//urdf/test/urdf.test
[0.124s] Invoked command in '/root/Stogl/my_new_workspace/src/schunk_robots/build/schunk_lwa4p' returned '0': CMAKE_PREFIX_PATH=/opt/ros/rolling PS1=\[\e[0;37m\][\t]\[\[\e[1;32m\]\u\[\[\e[0;37m\]@\[\[\e[0;33m\]\h\[\[\e[1;33m\]${text}\[\[\e[0;37m\]:\[$(set_ros_workspace_color)\]$(parse_ros_workspace)\[\[\e[0;32m\]$(parse_git_branch_and_add_brackets)>\[\[\e[1;35m\]\W\[\[\e[1;35m\]$\[\[\e[0m\]\[\e[m\] /usr/bin/cmake --install /root/Stogl/my_new_workspace/src/schunk_robots/build/schunk_lwa4p
