[0.014s] Invoking command in '/root/Stogl/my_new_workspace/src/schunk_robots/build/schunk_lwa4p': PS1=\[\e[0;37m\][\t]\[\[\e[1;32m\]\u\[\[\e[0;37m\]@\[\[\e[0;33m\]\h\[\[\e[1;33m\]${text}\[\[\e[0;37m\]:\[$(set_ros_workspace_color)\]$(parse_ros_workspace)\[\[\e[0;32m\]$(parse_git_branch_and_add_brackets)>\[\[\e[1;35m\]\W\[\[\e[1;35m\]$\[\[\e[0m\]\[\e[m\] /usr/bin/cmake /root/Stogl/my_new_workspace/src/schunk_robots/schunk_lwa4p -DCATKIN_INSTALL_INTO_PREFIX_ROOT=0 -DCMAKE_INSTALL_PREFIX=/root/Stogl/my_new_workspace/src/schunk_robots/install/schunk_lwa4p
[0.027s] -- Found ament_cmake: 1.5.0 (/opt/ros/rolling/share/ament_cmake/cmake)
[0.211s] -- Found Python3: /usr/bin/python3.10 (found version "3.10.4") found components: Interpreter 
[0.408s] [31mCMake Error at CMakeLists.txt:44 (find_package):
[0.409s]   By not providing "Findcatkin.cmake" in CMAKE_MODULE_PATH this project has
[0.409s]   asked CMake to find a package configuration file provided by "catkin", but
[0.409s]   CMake did not find one.
[0.409s] 
[0.409s]   Could not find a package configuration file provided by "catkin" with any
[0.409s]   of the following names:
[0.409s] 
[0.409s]     catkinConfig.cmake
[0.410s]     catkin-config.cmake
[0.410s] 
[0.410s]   Add the installation prefix of "catkin" to CMAKE_PREFIX_PATH or set
[0.410s]   "catkin_DIR" to a directory containing one of the above files.  If "catkin"
[0.410s]   provides a separate development package or SDK, be sure it has been
[0.410s]   installed.
[0.410s] 
[0.410s] [0m
[0.410s] -- Configuring incomplete, errors occurred!
[0.410s] See also "/root/Stogl/my_new_workspace/src/schunk_robots/build/schunk_lwa4p/CMakeFiles/CMakeOutput.log".
[0.412s] Invoked command in '/root/Stogl/my_new_workspace/src/schunk_robots/build/schunk_lwa4p' returned '1': PS1=\[\e[0;37m\][\t]\[\[\e[1;32m\]\u\[\[\e[0;37m\]@\[\[\e[0;33m\]\h\[\[\e[1;33m\]${text}\[\[\e[0;37m\]:\[$(set_ros_workspace_color)\]$(parse_ros_workspace)\[\[\e[0;32m\]$(parse_git_branch_and_add_brackets)>\[\[\e[1;35m\]\W\[\[\e[1;35m\]$\[\[\e[0m\]\[\e[m\] /usr/bin/cmake /root/Stogl/my_new_workspace/src/schunk_robots/schunk_lwa4p -DCATKIN_INSTALL_INTO_PREFIX_ROOT=0 -DCMAKE_INSTALL_PREFIX=/root/Stogl/my_new_workspace/src/schunk_robots/install/schunk_lwa4p
