-- Install configuration: ""
-- Up-to-date: /root/Stogl/my_new_workspace/src/schunk_robots/schunk_lwa4p/install/schunk_lwa4p/share/ament_index/resource_index/package_run_dependencies/schunk_lwa4p
-- Up-to-date: /root/Stogl/my_new_workspace/src/schunk_robots/schunk_lwa4p/install/schunk_lwa4p/share/ament_index/resource_index/parent_prefix_path/schunk_lwa4p
-- Up-to-date: /root/Stogl/my_new_workspace/src/schunk_robots/schunk_lwa4p/install/schunk_lwa4p/share/schunk_lwa4p/environment/ament_prefix_path.sh
-- Up-to-date: /root/Stogl/my_new_workspace/src/schunk_robots/schunk_lwa4p/install/schunk_lwa4p/share/schunk_lwa4p/environment/ament_prefix_path.dsv
-- Up-to-date: /root/Stogl/my_new_workspace/src/schunk_robots/schunk_lwa4p/install/schunk_lwa4p/share/schunk_lwa4p/environment/path.sh
-- Up-to-date: /root/Stogl/my_new_workspace/src/schunk_robots/schunk_lwa4p/install/schunk_lwa4p/share/schunk_lwa4p/environment/path.dsv
-- Up-to-date: /root/Stogl/my_new_workspace/src/schunk_robots/schunk_lwa4p/install/schunk_lwa4p/share/schunk_lwa4p/local_setup.bash
-- Up-to-date: /root/Stogl/my_new_workspace/src/schunk_robots/schunk_lwa4p/install/schunk_lwa4p/share/schunk_lwa4p/local_setup.sh
-- Up-to-date: /root/Stogl/my_new_workspace/src/schunk_robots/schunk_lwa4p/install/schunk_lwa4p/share/schunk_lwa4p/local_setup.zsh
-- Up-to-date: /root/Stogl/my_new_workspace/src/schunk_robots/schunk_lwa4p/install/schunk_lwa4p/share/schunk_lwa4p/local_setup.dsv
-- Installing: /root/Stogl/my_new_workspace/src/schunk_robots/schunk_lwa4p/install/schunk_lwa4p/share/schunk_lwa4p/package.dsv
-- Up-to-date: /root/Stogl/my_new_workspace/src/schunk_robots/schunk_lwa4p/install/schunk_lwa4p/share/ament_index/resource_index/packages/schunk_lwa4p
-- Up-to-date: /root/Stogl/my_new_workspace/src/schunk_robots/schunk_lwa4p/install/schunk_lwa4p/share/schunk_lwa4p/cmake/schunk_lwa4pConfig.cmake
-- Up-to-date: /root/Stogl/my_new_workspace/src/schunk_robots/schunk_lwa4p/install/schunk_lwa4p/share/schunk_lwa4p/cmake/schunk_lwa4pConfig-version.cmake
-- Up-to-date: /root/Stogl/my_new_workspace/src/schunk_robots/schunk_lwa4p/install/schunk_lwa4p/share/schunk_lwa4p/package.xml
-- Up-to-date: /root/Stogl/my_new_workspace/src/schunk_robots/schunk_lwa4p/install/schunk_lwa4p/share/schunk_lwa4p//config
-- Up-to-date: /root/Stogl/my_new_workspace/src/schunk_robots/schunk_lwa4p/install/schunk_lwa4p/share/schunk_lwa4p//config/arm_controller.yaml
-- Up-to-date: /root/Stogl/my_new_workspace/src/schunk_robots/schunk_lwa4p/install/schunk_lwa4p/share/schunk_lwa4p//config/joint_limits.yaml
-- Up-to-date: /root/Stogl/my_new_workspace/src/schunk_robots/schunk_lwa4p/install/schunk_lwa4p/share/schunk_lwa4p//config/arm_cartesian_controller.yaml
-- Up-to-date: /root/Stogl/my_new_workspace/src/schunk_robots/schunk_lwa4p/install/schunk_lwa4p/share/schunk_lwa4p//config/diagnostics_analyzers.yaml
-- Up-to-date: /root/Stogl/my_new_workspace/src/schunk_robots/schunk_lwa4p/install/schunk_lwa4p/share/schunk_lwa4p//config/arm_self_collision.yaml
-- Up-to-date: /root/Stogl/my_new_workspace/src/schunk_robots/schunk_lwa4p/install/schunk_lwa4p/share/schunk_lwa4p//config/can0.yaml
-- Up-to-date: /root/Stogl/my_new_workspace/src/schunk_robots/schunk_lwa4p/install/schunk_lwa4p/share/schunk_lwa4p//config/arm_driver.yaml
-- Up-to-date: /root/Stogl/my_new_workspace/src/schunk_robots/schunk_lwa4p/install/schunk_lwa4p/share/schunk_lwa4p//config/Schunk_0_63.dcf
-- Up-to-date: /root/Stogl/my_new_workspace/src/schunk_robots/schunk_lwa4p/install/schunk_lwa4p/share/schunk_lwa4p//config/command_gui_buttons.yaml
-- Up-to-date: /root/Stogl/my_new_workspace/src/schunk_robots/schunk_lwa4p/install/schunk_lwa4p/share/schunk_lwa4p//config/joint_configurations.yaml
-- Up-to-date: /root/Stogl/my_new_workspace/src/schunk_robots/schunk_lwa4p/install/schunk_lwa4p/share/schunk_lwa4p//launch
-- Up-to-date: /root/Stogl/my_new_workspace/src/schunk_robots/schunk_lwa4p/install/schunk_lwa4p/share/schunk_lwa4p//launch/cartesian_controller.launch
-- Up-to-date: /root/Stogl/my_new_workspace/src/schunk_robots/schunk_lwa4p/install/schunk_lwa4p/share/schunk_lwa4p//launch/sim.launch
-- Up-to-date: /root/Stogl/my_new_workspace/src/schunk_robots/schunk_lwa4p/install/schunk_lwa4p/share/schunk_lwa4p//launch/test_description.launch
-- Up-to-date: /root/Stogl/my_new_workspace/src/schunk_robots/schunk_lwa4p/install/schunk_lwa4p/share/schunk_lwa4p//launch/robot.launch
-- Up-to-date: /root/Stogl/my_new_workspace/src/schunk_robots/schunk_lwa4p/install/schunk_lwa4p/share/schunk_lwa4p//launch/install
-- Up-to-date: /root/Stogl/my_new_workspace/src/schunk_robots/schunk_lwa4p/install/schunk_lwa4p/share/schunk_lwa4p//launch/install/local_setup.sh
-- Up-to-date: /root/Stogl/my_new_workspace/src/schunk_robots/schunk_lwa4p/install/schunk_lwa4p/share/schunk_lwa4p//launch/install/local_setup.bash
-- Up-to-date: /root/Stogl/my_new_workspace/src/schunk_robots/schunk_lwa4p/install/schunk_lwa4p/share/schunk_lwa4p//launch/install/.colcon_install_layout
-- Up-to-date: /root/Stogl/my_new_workspace/src/schunk_robots/schunk_lwa4p/install/schunk_lwa4p/share/schunk_lwa4p//launch/install/setup.ps1
-- Up-to-date: /root/Stogl/my_new_workspace/src/schunk_robots/schunk_lwa4p/install/schunk_lwa4p/share/schunk_lwa4p//launch/install/setup.sh
-- Up-to-date: /root/Stogl/my_new_workspace/src/schunk_robots/schunk_lwa4p/install/schunk_lwa4p/share/schunk_lwa4p//launch/install/setup.bash
-- Up-to-date: /root/Stogl/my_new_workspace/src/schunk_robots/schunk_lwa4p/install/schunk_lwa4p/share/schunk_lwa4p//launch/install/_local_setup_util_ps1.py
-- Up-to-date: /root/Stogl/my_new_workspace/src/schunk_robots/schunk_lwa4p/install/schunk_lwa4p/share/schunk_lwa4p//launch/install/COLCON_IGNORE
-- Up-to-date: /root/Stogl/my_new_workspace/src/schunk_robots/schunk_lwa4p/install/schunk_lwa4p/share/schunk_lwa4p//launch/install/setup.zsh
-- Up-to-date: /root/Stogl/my_new_workspace/src/schunk_robots/schunk_lwa4p/install/schunk_lwa4p/share/schunk_lwa4p//launch/install/local_setup.zsh
-- Up-to-date: /root/Stogl/my_new_workspace/src/schunk_robots/schunk_lwa4p/install/schunk_lwa4p/share/schunk_lwa4p//launch/install/_local_setup_util_sh.py
-- Up-to-date: /root/Stogl/my_new_workspace/src/schunk_robots/schunk_lwa4p/install/schunk_lwa4p/share/schunk_lwa4p//launch/install/local_setup.ps1
-- Installing: /root/Stogl/my_new_workspace/src/schunk_robots/schunk_lwa4p/install/schunk_lwa4p/share/schunk_lwa4p//launch/view_robot.launch.py
-- Up-to-date: /root/Stogl/my_new_workspace/src/schunk_robots/schunk_lwa4p/install/schunk_lwa4p/share/schunk_lwa4p//launch/build
-- Up-to-date: /root/Stogl/my_new_workspace/src/schunk_robots/schunk_lwa4p/install/schunk_lwa4p/share/schunk_lwa4p//launch/build/.built_by
-- Up-to-date: /root/Stogl/my_new_workspace/src/schunk_robots/schunk_lwa4p/install/schunk_lwa4p/share/schunk_lwa4p//launch/build/COLCON_IGNORE
-- Up-to-date: /root/Stogl/my_new_workspace/src/schunk_robots/schunk_lwa4p/install/schunk_lwa4p/share/schunk_lwa4p//launch/test_description.rviz
-- Up-to-date: /root/Stogl/my_new_workspace/src/schunk_robots/schunk_lwa4p/install/schunk_lwa4p/share/schunk_lwa4p//launch/dashboard.launch
-- Up-to-date: /root/Stogl/my_new_workspace/src/schunk_robots/schunk_lwa4p/install/schunk_lwa4p/share/schunk_lwa4p//launch/log
-- Up-to-date: /root/Stogl/my_new_workspace/src/schunk_robots/schunk_lwa4p/install/schunk_lwa4p/share/schunk_lwa4p//launch/log/build_2022-09-23_04-20-47
-- Up-to-date: /root/Stogl/my_new_workspace/src/schunk_robots/schunk_lwa4p/install/schunk_lwa4p/share/schunk_lwa4p//launch/log/build_2022-09-23_04-20-47/logger_all.log
-- Up-to-date: /root/Stogl/my_new_workspace/src/schunk_robots/schunk_lwa4p/install/schunk_lwa4p/share/schunk_lwa4p//launch/log/build_2022-09-23_04-20-47/events.log
-- Up-to-date: /root/Stogl/my_new_workspace/src/schunk_robots/schunk_lwa4p/install/schunk_lwa4p/share/schunk_lwa4p//launch/log/build_2022-09-23_04-22-50
-- Up-to-date: /root/Stogl/my_new_workspace/src/schunk_robots/schunk_lwa4p/install/schunk_lwa4p/share/schunk_lwa4p//launch/log/build_2022-09-23_04-22-50/logger_all.log
-- Up-to-date: /root/Stogl/my_new_workspace/src/schunk_robots/schunk_lwa4p/install/schunk_lwa4p/share/schunk_lwa4p//launch/log/build_2022-09-23_04-22-50/events.log
-- Up-to-date: /root/Stogl/my_new_workspace/src/schunk_robots/schunk_lwa4p/install/schunk_lwa4p/share/schunk_lwa4p//launch/log/latest
-- Up-to-date: /root/Stogl/my_new_workspace/src/schunk_robots/schunk_lwa4p/install/schunk_lwa4p/share/schunk_lwa4p//launch/log/build_2022-09-23_04-22-18
-- Up-to-date: /root/Stogl/my_new_workspace/src/schunk_robots/schunk_lwa4p/install/schunk_lwa4p/share/schunk_lwa4p//launch/log/build_2022-09-23_04-22-18/logger_all.log
-- Up-to-date: /root/Stogl/my_new_workspace/src/schunk_robots/schunk_lwa4p/install/schunk_lwa4p/share/schunk_lwa4p//launch/log/build_2022-09-23_04-22-18/events.log
-- Up-to-date: /root/Stogl/my_new_workspace/src/schunk_robots/schunk_lwa4p/install/schunk_lwa4p/share/schunk_lwa4p//launch/log/build_2022-09-23_04-22-22
-- Up-to-date: /root/Stogl/my_new_workspace/src/schunk_robots/schunk_lwa4p/install/schunk_lwa4p/share/schunk_lwa4p//launch/log/build_2022-09-23_04-22-22/logger_all.log
-- Up-to-date: /root/Stogl/my_new_workspace/src/schunk_robots/schunk_lwa4p/install/schunk_lwa4p/share/schunk_lwa4p//launch/log/build_2022-09-23_04-22-22/events.log
-- Up-to-date: /root/Stogl/my_new_workspace/src/schunk_robots/schunk_lwa4p/install/schunk_lwa4p/share/schunk_lwa4p//launch/log/COLCON_IGNORE
-- Up-to-date: /root/Stogl/my_new_workspace/src/schunk_robots/schunk_lwa4p/install/schunk_lwa4p/share/schunk_lwa4p//launch/log/build_2022-09-23_04-22-30
-- Up-to-date: /root/Stogl/my_new_workspace/src/schunk_robots/schunk_lwa4p/install/schunk_lwa4p/share/schunk_lwa4p//launch/log/build_2022-09-23_04-22-30/logger_all.log
-- Up-to-date: /root/Stogl/my_new_workspace/src/schunk_robots/schunk_lwa4p/install/schunk_lwa4p/share/schunk_lwa4p//launch/log/build_2022-09-23_04-22-30/events.log
-- Up-to-date: /root/Stogl/my_new_workspace/src/schunk_robots/schunk_lwa4p/install/schunk_lwa4p/share/schunk_lwa4p//launch/log/latest_build
-- Up-to-date: /root/Stogl/my_new_workspace/src/schunk_robots/schunk_lwa4p/install/schunk_lwa4p/share/schunk_lwa4p//launch/log/build_2022-09-23_04-22-02
-- Up-to-date: /root/Stogl/my_new_workspace/src/schunk_robots/schunk_lwa4p/install/schunk_lwa4p/share/schunk_lwa4p//launch/log/build_2022-09-23_04-22-02/logger_all.log
-- Up-to-date: /root/Stogl/my_new_workspace/src/schunk_robots/schunk_lwa4p/install/schunk_lwa4p/share/schunk_lwa4p//launch/log/build_2022-09-23_04-22-02/events.log
-- Up-to-date: /root/Stogl/my_new_workspace/src/schunk_robots/schunk_lwa4p/install/schunk_lwa4p/share/schunk_lwa4p//urdf
-- Up-to-date: /root/Stogl/my_new_workspace/src/schunk_robots/schunk_lwa4p/install/schunk_lwa4p/share/schunk_lwa4p//urdf/robot.urdf.xacro
-- Up-to-date: /root/Stogl/my_new_workspace/src/schunk_robots/schunk_lwa4p/install/schunk_lwa4p/share/schunk_lwa4p//urdf/test
-- Up-to-date: /root/Stogl/my_new_workspace/src/schunk_robots/schunk_lwa4p/install/schunk_lwa4p/share/schunk_lwa4p//urdf/test/urdf.test
