[0.013s] Invoking command in '/root/Stogl/my_new_workspace/src/schunk_robots/schunk_lwa4p/build/schunk_lwa4p': CMAKE_PREFIX_PATH=/opt/ros/rolling PS1=\[\e[0;37m\][\t]\[\[\e[1;32m\]\u\[\[\e[0;37m\]@\[\[\e[0;33m\]\h\[\[\e[1;33m\]${text}\[\[\e[0;37m\]:\[$(set_ros_workspace_color)\]$(parse_ros_workspace)\[\[\e[0;32m\]$(parse_git_branch_and_add_brackets)>\[\[\e[1;35m\]\W\[\[\e[1;35m\]$\[\[\e[0m\]\[\e[m\] /usr/bin/cmake --build /root/Stogl/my_new_workspace/src/schunk_robots/schunk_lwa4p/build/schunk_lwa4p -- -j8 -l8
[0.037s] Invoked command in '/root/Stogl/my_new_workspace/src/schunk_robots/schunk_lwa4p/build/schunk_lwa4p' returned '0': CMAKE_PREFIX_PATH=/opt/ros/rolling PS1=\[\e[0;37m\][\t]\[\[\e[1;32m\]\u\[\[\e[0;37m\]@\[\[\e[0;33m\]\h\[\[\e[1;33m\]${text}\[\[\e[0;37m\]:\[$(set_ros_workspace_color)\]$(parse_ros_workspace)\[\[\e[0;32m\]$(parse_git_branch_and_add_brackets)>\[\[\e[1;35m\]\W\[\[\e[1;35m\]$\[\[\e[0m\]\[\e[m\] /usr/bin/cmake --build /root/Stogl/my_new_workspace/src/schunk_robots/schunk_lwa4p/build/schunk_lwa4p -- -j8 -l8
[0.059s] Invoking command in '/root/Stogl/my_new_workspace/src/schunk_robots/schunk_lwa4p/build/schunk_lwa4p': CMAKE_PREFIX_PATH=/opt/ros/rolling PS1=\[\e[0;37m\][\t]\[\[\e[1;32m\]\u\[\[\e[0;37m\]@\[\[\e[0;33m\]\h\[\[\e[1;33m\]${text}\[\[\e[0;37m\]:\[$(set_ros_workspace_color)\]$(parse_ros_workspace)\[\[\e[0;32m\]$(parse_git_branch_and_add_brackets)>\[\[\e[1;35m\]\W\[\[\e[1;35m\]$\[\[\e[0m\]\[\e[m\] /usr/bin/cmake --install /root/Stogl/my_new_workspace/src/schunk_robots/schunk_lwa4p/build/schunk_lwa4p
[0.063s] -- Install configuration: ""
[0.063s] -- Up-to-date: /root/Stogl/my_new_workspace/src/schunk_robots/schunk_lwa4p/install/schunk_lwa4p/share/ament_index/resource_index/package_run_dependencies/schunk_lwa4p
[0.063s] -- Up-to-date: /root/Stogl/my_new_workspace/src/schunk_robots/schunk_lwa4p/install/schunk_lwa4p/share/ament_index/resource_index/parent_prefix_path/schunk_lwa4p
[0.063s] -- Up-to-date: /root/Stogl/my_new_workspace/src/schunk_robots/schunk_lwa4p/install/schunk_lwa4p/share/schunk_lwa4p/environment/ament_prefix_path.sh
[0.063s] -- Up-to-date: /root/Stogl/my_new_workspace/src/schunk_robots/schunk_lwa4p/install/schunk_lwa4p/share/schunk_lwa4p/environment/ament_prefix_path.dsv
[0.064s] -- Up-to-date: /root/Stogl/my_new_workspace/src/schunk_robots/schunk_lwa4p/install/schunk_lwa4p/share/schunk_lwa4p/environment/path.sh
[0.064s] -- Up-to-date: /root/Stogl/my_new_workspace/src/schunk_robots/schunk_lwa4p/install/schunk_lwa4p/share/schunk_lwa4p/environment/path.dsv
[0.064s] -- Up-to-date: /root/Stogl/my_new_workspace/src/schunk_robots/schunk_lwa4p/install/schunk_lwa4p/share/schunk_lwa4p/local_setup.bash
[0.064s] -- Up-to-date: /root/Stogl/my_new_workspace/src/schunk_robots/schunk_lwa4p/install/schunk_lwa4p/share/schunk_lwa4p/local_setup.sh
[0.064s] -- Up-to-date: /root/Stogl/my_new_workspace/src/schunk_robots/schunk_lwa4p/install/schunk_lwa4p/share/schunk_lwa4p/local_setup.zsh
[0.064s] -- Up-to-date: /root/Stogl/my_new_workspace/src/schunk_robots/schunk_lwa4p/install/schunk_lwa4p/share/schunk_lwa4p/local_setup.dsv
[0.064s] -- Installing: /root/Stogl/my_new_workspace/src/schunk_robots/schunk_lwa4p/install/schunk_lwa4p/share/schunk_lwa4p/package.dsv
[0.064s] -- Up-to-date: /root/Stogl/my_new_workspace/src/schunk_robots/schunk_lwa4p/install/schunk_lwa4p/share/ament_index/resource_index/packages/schunk_lwa4p
[0.064s] -- Up-to-date: /root/Stogl/my_new_workspace/src/schunk_robots/schunk_lwa4p/install/schunk_lwa4p/share/schunk_lwa4p/cmake/schunk_lwa4pConfig.cmake
[0.065s] -- Up-to-date: /root/Stogl/my_new_workspace/src/schunk_robots/schunk_lwa4p/install/schunk_lwa4p/share/schunk_lwa4p/cmake/schunk_lwa4pConfig-version.cmake
[0.065s] -- Up-to-date: /root/Stogl/my_new_workspace/src/schunk_robots/schunk_lwa4p/install/schunk_lwa4p/share/schunk_lwa4p/package.xml
[0.066s] -- Up-to-date: /root/Stogl/my_new_workspace/src/schunk_robots/schunk_lwa4p/install/schunk_lwa4p/share/schunk_lwa4p//config
[0.066s] -- Up-to-date: /root/Stogl/my_new_workspace/src/schunk_robots/schunk_lwa4p/install/schunk_lwa4p/share/schunk_lwa4p//config/arm_controller.yaml
[0.066s] -- Up-to-date: /root/Stogl/my_new_workspace/src/schunk_robots/schunk_lwa4p/install/schunk_lwa4p/share/schunk_lwa4p//config/joint_limits.yaml
[0.066s] -- Up-to-date: /root/Stogl/my_new_workspace/src/schunk_robots/schunk_lwa4p/install/schunk_lwa4p/share/schunk_lwa4p//config/arm_cartesian_controller.yaml
[0.067s] -- Up-to-date: /root/Stogl/my_new_workspace/src/schunk_robots/schunk_lwa4p/install/schunk_lwa4p/share/schunk_lwa4p//config/diagnostics_analyzers.yaml
[0.067s] -- Up-to-date: /root/Stogl/my_new_workspace/src/schunk_robots/schunk_lwa4p/install/schunk_lwa4p/share/schunk_lwa4p//config/arm_self_collision.yaml
[0.067s] -- Up-to-date: /root/Stogl/my_new_workspace/src/schunk_robots/schunk_lwa4p/install/schunk_lwa4p/share/schunk_lwa4p//config/can0.yaml
[0.067s] -- Up-to-date: /root/Stogl/my_new_workspace/src/schunk_robots/schunk_lwa4p/install/schunk_lwa4p/share/schunk_lwa4p//config/arm_driver.yaml
[0.067s] -- Up-to-date: /root/Stogl/my_new_workspace/src/schunk_robots/schunk_lwa4p/install/schunk_lwa4p/share/schunk_lwa4p//config/Schunk_0_63.dcf
[0.067s] -- Up-to-date: /root/Stogl/my_new_workspace/src/schunk_robots/schunk_lwa4p/install/schunk_lwa4p/share/schunk_lwa4p//config/command_gui_buttons.yaml
[0.068s] -- Up-to-date: /root/Stogl/my_new_workspace/src/schunk_robots/schunk_lwa4p/install/schunk_lwa4p/share/schunk_lwa4p//config/joint_configurations.yaml
[0.068s] -- Up-to-date: /root/Stogl/my_new_workspace/src/schunk_robots/schunk_lwa4p/install/schunk_lwa4p/share/schunk_lwa4p//launch
[0.068s] -- Up-to-date: /root/Stogl/my_new_workspace/src/schunk_robots/schunk_lwa4p/install/schunk_lwa4p/share/schunk_lwa4p//launch/cartesian_controller.launch
[0.068s] -- Up-to-date: /root/Stogl/my_new_workspace/src/schunk_robots/schunk_lwa4p/install/schunk_lwa4p/share/schunk_lwa4p//launch/sim.launch
[0.069s] -- Up-to-date: /root/Stogl/my_new_workspace/src/schunk_robots/schunk_lwa4p/install/schunk_lwa4p/share/schunk_lwa4p//launch/test_description.launch
[0.070s] -- Up-to-date: /root/Stogl/my_new_workspace/src/schunk_robots/schunk_lwa4p/install/schunk_lwa4p/share/schunk_lwa4p//launch/robot.launch
[0.070s] -- Up-to-date: /root/Stogl/my_new_workspace/src/schunk_robots/schunk_lwa4p/install/schunk_lwa4p/share/schunk_lwa4p//launch/install
[0.071s] -- Up-to-date: /root/Stogl/my_new_workspace/src/schunk_robots/schunk_lwa4p/install/schunk_lwa4p/share/schunk_lwa4p//launch/install/local_setup.sh
[0.072s] -- Up-to-date: /root/Stogl/my_new_workspace/src/schunk_robots/schunk_lwa4p/install/schunk_lwa4p/share/schunk_lwa4p//launch/install/local_setup.bash
[0.073s] -- Up-to-date: /root/Stogl/my_new_workspace/src/schunk_robots/schunk_lwa4p/install/schunk_lwa4p/share/schunk_lwa4p//launch/install/.colcon_install_layout
[0.073s] -- Up-to-date: /root/Stogl/my_new_workspace/src/schunk_robots/schunk_lwa4p/install/schunk_lwa4p/share/schunk_lwa4p//launch/install/setup.ps1
[0.073s] -- Up-to-date: /root/Stogl/my_new_workspace/src/schunk_robots/schunk_lwa4p/install/schunk_lwa4p/share/schunk_lwa4p//launch/install/setup.sh
[0.075s] -- Up-to-date: /root/Stogl/my_new_workspace/src/schunk_robots/schunk_lwa4p/install/schunk_lwa4p/share/schunk_lwa4p//launch/install/setup.bash
[0.076s] -- Up-to-date: /root/Stogl/my_new_workspace/src/schunk_robots/schunk_lwa4p/install/schunk_lwa4p/share/schunk_lwa4p//launch/install/_local_setup_util_ps1.py
[0.076s] -- Up-to-date: /root/Stogl/my_new_workspace/src/schunk_robots/schunk_lwa4p/install/schunk_lwa4p/share/schunk_lwa4p//launch/install/COLCON_IGNORE
[0.077s] -- Up-to-date: /root/Stogl/my_new_workspace/src/schunk_robots/schunk_lwa4p/install/schunk_lwa4p/share/schunk_lwa4p//launch/install/setup.zsh
[0.077s] -- Up-to-date: /root/Stogl/my_new_workspace/src/schunk_robots/schunk_lwa4p/install/schunk_lwa4p/share/schunk_lwa4p//launch/install/local_setup.zsh
[0.079s] -- Up-to-date: /root/Stogl/my_new_workspace/src/schunk_robots/schunk_lwa4p/install/schunk_lwa4p/share/schunk_lwa4p//launch/install/_local_setup_util_sh.py
[0.079s] -- Up-to-date: /root/Stogl/my_new_workspace/src/schunk_robots/schunk_lwa4p/install/schunk_lwa4p/share/schunk_lwa4p//launch/install/local_setup.ps1
[0.080s] -- Installing: /root/Stogl/my_new_workspace/src/schunk_robots/schunk_lwa4p/install/schunk_lwa4p/share/schunk_lwa4p//launch/view_robot.launch.py
[0.080s] -- Up-to-date: /root/Stogl/my_new_workspace/src/schunk_robots/schunk_lwa4p/install/schunk_lwa4p/share/schunk_lwa4p//launch/build
[0.081s] -- Up-to-date: /root/Stogl/my_new_workspace/src/schunk_robots/schunk_lwa4p/install/schunk_lwa4p/share/schunk_lwa4p//launch/build/.built_by
[0.081s] -- Up-to-date: /root/Stogl/my_new_workspace/src/schunk_robots/schunk_lwa4p/install/schunk_lwa4p/share/schunk_lwa4p//launch/build/COLCON_IGNORE
[0.082s] -- Up-to-date: /root/Stogl/my_new_workspace/src/schunk_robots/schunk_lwa4p/install/schunk_lwa4p/share/schunk_lwa4p//launch/test_description.rviz
[0.084s] -- Up-to-date: /root/Stogl/my_new_workspace/src/schunk_robots/schunk_lwa4p/install/schunk_lwa4p/share/schunk_lwa4p//launch/dashboard.launch
[0.085s] -- Up-to-date: /root/Stogl/my_new_workspace/src/schunk_robots/schunk_lwa4p/install/schunk_lwa4p/share/schunk_lwa4p//launch/log
[0.085s] -- Up-to-date: /root/Stogl/my_new_workspace/src/schunk_robots/schunk_lwa4p/install/schunk_lwa4p/share/schunk_lwa4p//launch/log/build_2022-09-23_04-20-47
[0.086s] -- Up-to-date: /root/Stogl/my_new_workspace/src/schunk_robots/schunk_lwa4p/install/schunk_lwa4p/share/schunk_lwa4p//launch/log/build_2022-09-23_04-20-47/logger_all.log
[0.086s] -- Up-to-date: /root/Stogl/my_new_workspace/src/schunk_robots/schunk_lwa4p/install/schunk_lwa4p/share/schunk_lwa4p//launch/log/build_2022-09-23_04-20-47/events.log
[0.087s] -- Up-to-date: /root/Stogl/my_new_workspace/src/schunk_robots/schunk_lwa4p/install/schunk_lwa4p/share/schunk_lwa4p//launch/log/build_2022-09-23_04-22-50
[0.087s] -- Up-to-date: /root/Stogl/my_new_workspace/src/schunk_robots/schunk_lwa4p/install/schunk_lwa4p/share/schunk_lwa4p//launch/log/build_2022-09-23_04-22-50/logger_all.log
[0.088s] -- Up-to-date: /root/Stogl/my_new_workspace/src/schunk_robots/schunk_lwa4p/install/schunk_lwa4p/share/schunk_lwa4p//launch/log/build_2022-09-23_04-22-50/events.log
[0.088s] -- Up-to-date: /root/Stogl/my_new_workspace/src/schunk_robots/schunk_lwa4p/install/schunk_lwa4p/share/schunk_lwa4p//launch/log/latest
[0.089s] -- Up-to-date: /root/Stogl/my_new_workspace/src/schunk_robots/schunk_lwa4p/install/schunk_lwa4p/share/schunk_lwa4p//launch/log/build_2022-09-23_04-22-18
[0.089s] -- Up-to-date: /root/Stogl/my_new_workspace/src/schunk_robots/schunk_lwa4p/install/schunk_lwa4p/share/schunk_lwa4p//launch/log/build_2022-09-23_04-22-18/logger_all.log
[0.089s] -- Up-to-date: /root/Stogl/my_new_workspace/src/schunk_robots/schunk_lwa4p/install/schunk_lwa4p/share/schunk_lwa4p//launch/log/build_2022-09-23_04-22-18/events.log
[0.090s] -- Up-to-date: /root/Stogl/my_new_workspace/src/schunk_robots/schunk_lwa4p/install/schunk_lwa4p/share/schunk_lwa4p//launch/log/build_2022-09-23_04-22-22
[0.090s] -- Up-to-date: /root/Stogl/my_new_workspace/src/schunk_robots/schunk_lwa4p/install/schunk_lwa4p/share/schunk_lwa4p//launch/log/build_2022-09-23_04-22-22/logger_all.log
[0.091s] -- Up-to-date: /root/Stogl/my_new_workspace/src/schunk_robots/schunk_lwa4p/install/schunk_lwa4p/share/schunk_lwa4p//launch/log/build_2022-09-23_04-22-22/events.log
[0.091s] -- Up-to-date: /root/Stogl/my_new_workspace/src/schunk_robots/schunk_lwa4p/install/schunk_lwa4p/share/schunk_lwa4p//launch/log/COLCON_IGNORE
[0.091s] -- Up-to-date: /root/Stogl/my_new_workspace/src/schunk_robots/schunk_lwa4p/install/schunk_lwa4p/share/schunk_lwa4p//launch/log/build_2022-09-23_04-22-30
[0.091s] -- Up-to-date: /root/Stogl/my_new_workspace/src/schunk_robots/schunk_lwa4p/install/schunk_lwa4p/share/schunk_lwa4p//launch/log/build_2022-09-23_04-22-30/logger_all.log
[0.091s] -- Up-to-date: /root/Stogl/my_new_workspace/src/schunk_robots/schunk_lwa4p/install/schunk_lwa4p/share/schunk_lwa4p//launch/log/build_2022-09-23_04-22-30/events.log
[0.091s] -- Up-to-date: /root/Stogl/my_new_workspace/src/schunk_robots/schunk_lwa4p/install/schunk_lwa4p/share/schunk_lwa4p//launch/log/latest_build
[0.091s] -- Up-to-date: /root/Stogl/my_new_workspace/src/schunk_robots/schunk_lwa4p/install/schunk_lwa4p/share/schunk_lwa4p//launch/log/build_2022-09-23_04-22-02
[0.092s] -- Up-to-date: /root/Stogl/my_new_workspace/src/schunk_robots/schunk_lwa4p/install/schunk_lwa4p/share/schunk_lwa4p//launch/log/build_2022-09-23_04-22-02/logger_all.log
[0.092s] -- Up-to-date: /root/Stogl/my_new_workspace/src/schunk_robots/schunk_lwa4p/install/schunk_lwa4p/share/schunk_lwa4p//launch/log/build_2022-09-23_04-22-02/events.log
[0.092s] -- Up-to-date: /root/Stogl/my_new_workspace/src/schunk_robots/schunk_lwa4p/install/schunk_lwa4p/share/schunk_lwa4p//urdf
[0.092s] -- Up-to-date: /root/Stogl/my_new_workspace/src/schunk_robots/schunk_lwa4p/install/schunk_lwa4p/share/schunk_lwa4p//urdf/robot.urdf.xacro
[0.092s] -- Up-to-date: /root/Stogl/my_new_workspace/src/schunk_robots/schunk_lwa4p/install/schunk_lwa4p/share/schunk_lwa4p//urdf/test
[0.092s] -- Up-to-date: /root/Stogl/my_new_workspace/src/schunk_robots/schunk_lwa4p/install/schunk_lwa4p/share/schunk_lwa4p//urdf/test/urdf.test
[0.092s] Invoked command in '/root/Stogl/my_new_workspace/src/schunk_robots/schunk_lwa4p/build/schunk_lwa4p' returned '0': CMAKE_PREFIX_PATH=/opt/ros/rolling PS1=\[\e[0;37m\][\t]\[\[\e[1;32m\]\u\[\[\e[0;37m\]@\[\[\e[0;33m\]\h\[\[\e[1;33m\]${text}\[\[\e[0;37m\]:\[$(set_ros_workspace_color)\]$(parse_ros_workspace)\[\[\e[0;32m\]$(parse_git_branch_and_add_brackets)>\[\[\e[1;35m\]\W\[\[\e[1;35m\]$\[\[\e[0m\]\[\e[m\] /usr/bin/cmake --install /root/Stogl/my_new_workspace/src/schunk_robots/schunk_lwa4p/build/schunk_lwa4p
