[0.017s] Invoking command in '/root/Stogl/my_new_workspace/src/schunk_robots/build/schunk_lwa4p': PS1=\[\e[0;37m\][\t]\[\[\e[1;32m\]\u\[\[\e[0;37m\]@\[\[\e[0;33m\]\h\[\[\e[1;33m\]${text}\[\[\e[0;37m\]:\[$(set_ros_workspace_color)\]$(parse_ros_workspace)\[\[\e[0;32m\]$(parse_git_branch_and_add_brackets)>\[\[\e[1;35m\]\W\[\[\e[1;35m\]$\[\[\e[0m\]\[\e[m\] /usr/bin/cmake /root/Stogl/my_new_workspace/src/schunk_robots/schunk_lwa4p -DCATKIN_INSTALL_INTO_PREFIX_ROOT=0 -DCMAKE_INSTALL_PREFIX=/root/Stogl/my_new_workspace/src/schunk_robots/install/schunk_lwa4p
[0.027s] [0mCMake Deprecation Warning at CMakeLists.txt:1 (cmake_minimum_required):
[0.027s]   Compatibility with CMake < 2.8.12 will be removed from a future version of
[0.027s]   CMake.
[0.027s] 
[0.028s]   Update the VERSION argument <min> value or use a ...<max> suffix to tell
[0.028s]   CMake that the project does not need compatibility with older versions.
[0.028s] 
[0.028s] [0m
[0.259s] -- The C compiler identification is GNU 11.2.0
[0.426s] -- The CXX compiler identification is GNU 11.2.0
[0.440s] -- Detecting C compiler ABI info
[0.531s] -- Detecting C compiler ABI info - done
[0.539s] -- Check for working C compiler: /usr/bin/cc - skipped
[0.541s] -- Detecting C compile features
[0.541s] -- Detecting C compile features - done
[0.546s] -- Detecting CXX compiler ABI info
[0.629s] -- Detecting CXX compiler ABI info - done
[0.637s] -- Check for working CXX compiler: /usr/bin/c++ - skipped
[0.637s] -- Detecting CXX compile features
[0.638s] -- Detecting CXX compile features - done
[0.669s] [31mCMake Error at CMakeLists.txt:4 (find_package):
[0.669s]   By not providing "Findcatkin.cmake" in CMAKE_MODULE_PATH this project has
[0.669s]   asked CMake to find a package configuration file provided by "catkin", but
[0.669s]   CMake did not find one.
[0.669s] 
[0.669s]   Could not find a package configuration file provided by "catkin" with any
[0.669s]   of the following names:
[0.669s] 
[0.669s]     catkinConfig.cmake
[0.669s]     catkin-config.cmake
[0.669s] 
[0.670s]   Add the installation prefix of "catkin" to CMAKE_PREFIX_PATH or set
[0.670s]   "catkin_DIR" to a directory containing one of the above files.  If "catkin"
[0.670s]   provides a separate development package or SDK, be sure it has been
[0.670s]   installed.
[0.670s] 
[0.670s] [0m
[0.670s] -- Configuring incomplete, errors occurred!
[0.670s] See also "/root/Stogl/my_new_workspace/src/schunk_robots/build/schunk_lwa4p/CMakeFiles/CMakeOutput.log".
[0.673s] Invoked command in '/root/Stogl/my_new_workspace/src/schunk_robots/build/schunk_lwa4p' returned '1': PS1=\[\e[0;37m\][\t]\[\[\e[1;32m\]\u\[\[\e[0;37m\]@\[\[\e[0;33m\]\h\[\[\e[1;33m\]${text}\[\[\e[0;37m\]:\[$(set_ros_workspace_color)\]$(parse_ros_workspace)\[\[\e[0;32m\]$(parse_git_branch_and_add_brackets)>\[\[\e[1;35m\]\W\[\[\e[1;35m\]$\[\[\e[0m\]\[\e[m\] /usr/bin/cmake /root/Stogl/my_new_workspace/src/schunk_robots/schunk_lwa4p -DCATKIN_INSTALL_INTO_PREFIX_ROOT=0 -DCMAKE_INSTALL_PREFIX=/root/Stogl/my_new_workspace/src/schunk_robots/install/schunk_lwa4p
