[0.293s] DEBUG:colcon:Command line arguments: ['/usr/bin/colcon', 'build', '--packages-select', 'schunk_lwa4p']
[0.293s] DEBUG:colcon:Parsed command line arguments: Namespace(log_base=None, log_level=None, verb_name='build', build_base='build', install_base='install', merge_install=False, symlink_install=False, test_result_base=None, continue_on_error=False, executor='parallel', parallel_workers=8, event_handlers=None, ignore_user_meta=False, metas=['./colcon.meta'], base_paths=['.'], packages_ignore=None, packages_ignore_regex=None, paths=None, packages_up_to=None, packages_up_to_regex=None, packages_above=None, packages_above_and_dependencies=None, packages_above_depth=None, packages_select_by_dep=None, packages_skip_by_dep=None, packages_skip_up_to=None, packages_select_build_failed=False, packages_skip_build_finished=False, packages_select_test_failures=False, packages_skip_test_passed=False, packages_select=['schunk_lwa4p'], packages_skip=None, packages_select_regex=None, packages_skip_regex=None, packages_start=None, packages_end=None, cmake_args=None, cmake_target=None, cmake_target_skip_unavailable=False, cmake_clean_cache=False, cmake_clean_first=False, cmake_force_configure=False, ament_cmake_args=None, catkin_cmake_args=None, catkin_skip_building_tests=False, mixin_files=None, mixin=None, verb_parser=<colcon_mixin.mixin.mixin_argument.MixinArgumentDecorator object at 0x7f75531d2020>, verb_extension=<colcon_core.verb.build.BuildVerb object at 0x7f7553b23ca0>, main=<bound method BuildVerb.main of <colcon_core.verb.build.BuildVerb object at 0x7f7553b23ca0>>, mixin_verb=('build',))
[0.317s] Level 1:colcon.colcon_core.package_discovery:discover_packages(colcon_meta) check parameters
[0.318s] INFO:colcon.colcon_metadata.package_discovery.colcon_meta:Using configuration from '/root/.colcon/metadata/default/Gazebo.meta'
[0.318s] INFO:colcon.colcon_metadata.package_discovery.colcon_meta:Using configuration from '/root/.colcon/metadata/default/fastrtps.meta'
[0.318s] Level 1:colcon.colcon_core.package_discovery:discover_packages(recursive) check parameters
[0.318s] Level 1:colcon.colcon_core.package_discovery:discover_packages(ignore) check parameters
[0.318s] Level 1:colcon.colcon_core.package_discovery:discover_packages(path) check parameters
[0.318s] Level 1:colcon.colcon_core.package_discovery:discover_packages(colcon_meta) discover
[0.318s] Level 1:colcon.colcon_core.package_discovery:discover_packages(recursive) discover
[0.318s] INFO:colcon.colcon_core.package_discovery:Crawling recursively for packages in '/root/Stogl/my_new_workspace/src/schunk_robots/schunk_lwa4p'
[0.318s] Level 1:colcon.colcon_core.package_identification:_identify(.) by extensions ['ignore', 'ignore_ament_install']
[0.319s] Level 1:colcon.colcon_core.package_identification:_identify(.) by extension 'ignore'
[0.319s] Level 1:colcon.colcon_core.package_identification:_identify(.) by extension 'ignore_ament_install'
[0.319s] Level 1:colcon.colcon_core.package_identification:_identify(.) by extensions ['colcon_pkg']
[0.319s] Level 1:colcon.colcon_core.package_identification:_identify(.) by extension 'colcon_pkg'
[0.319s] Level 1:colcon.colcon_core.package_identification:_identify(.) by extensions ['colcon_meta']
[0.319s] Level 1:colcon.colcon_core.package_identification:_identify(.) by extension 'colcon_meta'
[0.319s] Level 1:colcon.colcon_core.package_identification:_identify(.) by extensions ['ros']
[0.319s] Level 1:colcon.colcon_core.package_identification:_identify(.) by extension 'ros'
[0.342s] DEBUG:colcon.colcon_core.package_identification:Package '.' with type 'ros.ament_cmake' and name 'schunk_lwa4p'
[0.342s] Level 1:colcon.colcon_core.package_discovery:discover_packages(recursive) using defaults
[0.342s] Level 1:colcon.colcon_core.package_discovery:discover_packages(ignore) discover
[0.342s] Level 1:colcon.colcon_core.package_discovery:discover_packages(ignore) using defaults
[0.342s] Level 1:colcon.colcon_core.package_discovery:discover_packages(path) discover
[0.342s] Level 1:colcon.colcon_core.package_discovery:discover_packages(path) using defaults
[0.368s] Level 5:colcon.colcon_core.verb:set package 'schunk_lwa4p' build argument 'cmake_args' from command line to 'None'
[0.368s] Level 5:colcon.colcon_core.verb:set package 'schunk_lwa4p' build argument 'cmake_target' from command line to 'None'
[0.368s] Level 5:colcon.colcon_core.verb:set package 'schunk_lwa4p' build argument 'cmake_target_skip_unavailable' from command line to 'False'
[0.368s] Level 5:colcon.colcon_core.verb:set package 'schunk_lwa4p' build argument 'cmake_clean_cache' from command line to 'False'
[0.368s] Level 5:colcon.colcon_core.verb:set package 'schunk_lwa4p' build argument 'cmake_clean_first' from command line to 'False'
[0.368s] Level 5:colcon.colcon_core.verb:set package 'schunk_lwa4p' build argument 'cmake_force_configure' from command line to 'False'
[0.368s] Level 5:colcon.colcon_core.verb:set package 'schunk_lwa4p' build argument 'ament_cmake_args' from command line to 'None'
[0.369s] Level 5:colcon.colcon_core.verb:set package 'schunk_lwa4p' build argument 'catkin_cmake_args' from command line to 'None'
[0.369s] Level 5:colcon.colcon_core.verb:set package 'schunk_lwa4p' build argument 'catkin_skip_building_tests' from command line to 'False'
[0.369s] DEBUG:colcon.colcon_core.verb:Building package 'schunk_lwa4p' with the following arguments: {'ament_cmake_args': None, 'build_base': '/root/Stogl/my_new_workspace/src/schunk_robots/schunk_lwa4p/build/schunk_lwa4p', 'catkin_cmake_args': None, 'catkin_skip_building_tests': False, 'cmake_args': None, 'cmake_clean_cache': False, 'cmake_clean_first': False, 'cmake_force_configure': False, 'cmake_target': None, 'cmake_target_skip_unavailable': False, 'install_base': '/root/Stogl/my_new_workspace/src/schunk_robots/schunk_lwa4p/install/schunk_lwa4p', 'merge_install': False, 'path': '/root/Stogl/my_new_workspace/src/schunk_robots/schunk_lwa4p', 'symlink_install': False, 'test_result_base': None}
[0.369s] INFO:colcon.colcon_core.executor:Executing jobs using 'parallel' executor
[0.373s] DEBUG:colcon.colcon_parallel_executor.executor.parallel:run_until_complete
[0.374s] INFO:colcon.colcon_ros.task.ament_cmake.build:Building ROS package in '/root/Stogl/my_new_workspace/src/schunk_robots/schunk_lwa4p' with build type 'ament_cmake'
[0.374s] INFO:colcon.colcon_cmake.task.cmake.build:Building CMake package in '/root/Stogl/my_new_workspace/src/schunk_robots/schunk_lwa4p'
[0.380s] INFO:colcon.colcon_core.plugin_system:Skipping extension 'colcon_core.shell.bat': Not used on non-Windows systems
[0.381s] INFO:colcon.colcon_core.shell:Skip shell extension 'powershell' for command environment: Not usable outside of PowerShell
[0.381s] DEBUG:colcon.colcon_core.shell:Skip shell extension 'dsv' for command environment
[0.394s] DEBUG:colcon.colcon_core.event_handler.log_command:Invoking command in '/root/Stogl/my_new_workspace/src/schunk_robots/schunk_lwa4p/build/schunk_lwa4p': CMAKE_PREFIX_PATH=/opt/ros/rolling PS1=\[\e[0;37m\][\t]\[\[\e[1;32m\]\u\[\[\e[0;37m\]@\[\[\e[0;33m\]\h\[\[\e[1;33m\]${text}\[\[\e[0;37m\]:\[$(set_ros_workspace_color)\]$(parse_ros_workspace)\[\[\e[0;32m\]$(parse_git_branch_and_add_brackets)>\[\[\e[1;35m\]\W\[\[\e[1;35m\]$\[\[\e[0m\]\[\e[m\] /usr/bin/cmake /root/Stogl/my_new_workspace/src/schunk_robots/schunk_lwa4p -DCMAKE_INSTALL_PREFIX=/root/Stogl/my_new_workspace/src/schunk_robots/schunk_lwa4p/install/schunk_lwa4p
[1.133s] DEBUG:colcon.colcon_core.event_handler.log_command:Invoked command in '/root/Stogl/my_new_workspace/src/schunk_robots/schunk_lwa4p/build/schunk_lwa4p' returned '0': CMAKE_PREFIX_PATH=/opt/ros/rolling PS1=\[\e[0;37m\][\t]\[\[\e[1;32m\]\u\[\[\e[0;37m\]@\[\[\e[0;33m\]\h\[\[\e[1;33m\]${text}\[\[\e[0;37m\]:\[$(set_ros_workspace_color)\]$(parse_ros_workspace)\[\[\e[0;32m\]$(parse_git_branch_and_add_brackets)>\[\[\e[1;35m\]\W\[\[\e[1;35m\]$\[\[\e[0m\]\[\e[m\] /usr/bin/cmake /root/Stogl/my_new_workspace/src/schunk_robots/schunk_lwa4p -DCMAKE_INSTALL_PREFIX=/root/Stogl/my_new_workspace/src/schunk_robots/schunk_lwa4p/install/schunk_lwa4p
[1.135s] DEBUG:colcon.colcon_core.event_handler.log_command:Invoking command in '/root/Stogl/my_new_workspace/src/schunk_robots/schunk_lwa4p/build/schunk_lwa4p': CMAKE_PREFIX_PATH=/opt/ros/rolling PS1=\[\e[0;37m\][\t]\[\[\e[1;32m\]\u\[\[\e[0;37m\]@\[\[\e[0;33m\]\h\[\[\e[1;33m\]${text}\[\[\e[0;37m\]:\[$(set_ros_workspace_color)\]$(parse_ros_workspace)\[\[\e[0;32m\]$(parse_git_branch_and_add_brackets)>\[\[\e[1;35m\]\W\[\[\e[1;35m\]$\[\[\e[0m\]\[\e[m\] /usr/bin/cmake --build /root/Stogl/my_new_workspace/src/schunk_robots/schunk_lwa4p/build/schunk_lwa4p -- -j8 -l8
[1.167s] DEBUG:colcon.colcon_core.event_handler.log_command:Invoked command in '/root/Stogl/my_new_workspace/src/schunk_robots/schunk_lwa4p/build/schunk_lwa4p' returned '0': CMAKE_PREFIX_PATH=/opt/ros/rolling PS1=\[\e[0;37m\][\t]\[\[\e[1;32m\]\u\[\[\e[0;37m\]@\[\[\e[0;33m\]\h\[\[\e[1;33m\]${text}\[\[\e[0;37m\]:\[$(set_ros_workspace_color)\]$(parse_ros_workspace)\[\[\e[0;32m\]$(parse_git_branch_and_add_brackets)>\[\[\e[1;35m\]\W\[\[\e[1;35m\]$\[\[\e[0m\]\[\e[m\] /usr/bin/cmake --build /root/Stogl/my_new_workspace/src/schunk_robots/schunk_lwa4p/build/schunk_lwa4p -- -j8 -l8
[1.195s] DEBUG:colcon.colcon_core.event_handler.log_command:Invoking command in '/root/Stogl/my_new_workspace/src/schunk_robots/schunk_lwa4p/build/schunk_lwa4p': CMAKE_PREFIX_PATH=/opt/ros/rolling PS1=\[\e[0;37m\][\t]\[\[\e[1;32m\]\u\[\[\e[0;37m\]@\[\[\e[0;33m\]\h\[\[\e[1;33m\]${text}\[\[\e[0;37m\]:\[$(set_ros_workspace_color)\]$(parse_ros_workspace)\[\[\e[0;32m\]$(parse_git_branch_and_add_brackets)>\[\[\e[1;35m\]\W\[\[\e[1;35m\]$\[\[\e[0m\]\[\e[m\] /usr/bin/cmake --install /root/Stogl/my_new_workspace/src/schunk_robots/schunk_lwa4p/build/schunk_lwa4p
[1.216s] Level 1:colcon.colcon_core.environment:create_environment_scripts_only(schunk_lwa4p)
[1.217s] DEBUG:colcon.colcon_core.event_handler.log_command:Invoked command in '/root/Stogl/my_new_workspace/src/schunk_robots/schunk_lwa4p/build/schunk_lwa4p' returned '0': CMAKE_PREFIX_PATH=/opt/ros/rolling PS1=\[\e[0;37m\][\t]\[\[\e[1;32m\]\u\[\[\e[0;37m\]@\[\[\e[0;33m\]\h\[\[\e[1;33m\]${text}\[\[\e[0;37m\]:\[$(set_ros_workspace_color)\]$(parse_ros_workspace)\[\[\e[0;32m\]$(parse_git_branch_and_add_brackets)>\[\[\e[1;35m\]\W\[\[\e[1;35m\]$\[\[\e[0m\]\[\e[m\] /usr/bin/cmake --install /root/Stogl/my_new_workspace/src/schunk_robots/schunk_lwa4p/build/schunk_lwa4p
[1.223s] Level 1:colcon.colcon_core.environment:checking '/root/Stogl/my_new_workspace/src/schunk_robots/schunk_lwa4p/install/schunk_lwa4p' for CMake module files
[1.223s] Level 1:colcon.colcon_core.environment:checking '/root/Stogl/my_new_workspace/src/schunk_robots/schunk_lwa4p/install/schunk_lwa4p' for CMake config files
[1.224s] Level 1:colcon.colcon_core.shell:create_environment_hook('schunk_lwa4p', 'cmake_prefix_path')
[1.225s] INFO:colcon.colcon_core.shell:Creating environment hook '/root/Stogl/my_new_workspace/src/schunk_robots/schunk_lwa4p/install/schunk_lwa4p/share/schunk_lwa4p/hook/cmake_prefix_path.ps1'
[1.226s] INFO:colcon.colcon_core.shell:Creating environment descriptor '/root/Stogl/my_new_workspace/src/schunk_robots/schunk_lwa4p/install/schunk_lwa4p/share/schunk_lwa4p/hook/cmake_prefix_path.dsv'
[1.227s] INFO:colcon.colcon_core.shell:Creating environment hook '/root/Stogl/my_new_workspace/src/schunk_robots/schunk_lwa4p/install/schunk_lwa4p/share/schunk_lwa4p/hook/cmake_prefix_path.sh'
[1.227s] Level 1:colcon.colcon_core.environment:checking '/root/Stogl/my_new_workspace/src/schunk_robots/schunk_lwa4p/install/schunk_lwa4p/bin'
[1.228s] Level 1:colcon.colcon_core.environment:checking '/root/Stogl/my_new_workspace/src/schunk_robots/schunk_lwa4p/install/schunk_lwa4p/lib/pkgconfig/schunk_lwa4p.pc'
[1.229s] Level 1:colcon.colcon_core.environment:checking '/root/Stogl/my_new_workspace/src/schunk_robots/schunk_lwa4p/install/schunk_lwa4p/lib/python3.10/site-packages'
[1.229s] Level 1:colcon.colcon_core.environment:checking '/root/Stogl/my_new_workspace/src/schunk_robots/schunk_lwa4p/install/schunk_lwa4p/bin'
[1.230s] INFO:colcon.colcon_core.shell:Creating package script '/root/Stogl/my_new_workspace/src/schunk_robots/schunk_lwa4p/install/schunk_lwa4p/share/schunk_lwa4p/package.ps1'
[1.231s] INFO:colcon.colcon_core.shell:Creating package descriptor '/root/Stogl/my_new_workspace/src/schunk_robots/schunk_lwa4p/install/schunk_lwa4p/share/schunk_lwa4p/package.dsv'
[1.231s] INFO:colcon.colcon_core.shell:Creating package script '/root/Stogl/my_new_workspace/src/schunk_robots/schunk_lwa4p/install/schunk_lwa4p/share/schunk_lwa4p/package.sh'
[1.232s] INFO:colcon.colcon_core.shell:Creating package script '/root/Stogl/my_new_workspace/src/schunk_robots/schunk_lwa4p/install/schunk_lwa4p/share/schunk_lwa4p/package.bash'
[1.233s] INFO:colcon.colcon_core.shell:Creating package script '/root/Stogl/my_new_workspace/src/schunk_robots/schunk_lwa4p/install/schunk_lwa4p/share/schunk_lwa4p/package.zsh'
[1.233s] Level 1:colcon.colcon_core.environment:create_file_with_runtime_dependencies(/root/Stogl/my_new_workspace/src/schunk_robots/schunk_lwa4p/install/schunk_lwa4p/share/colcon-core/packages/schunk_lwa4p)
[1.255s] Level 1:colcon.colcon_core.environment:create_environment_scripts_only(schunk_lwa4p)
[1.257s] Level 1:colcon.colcon_core.environment:checking '/root/Stogl/my_new_workspace/src/schunk_robots/schunk_lwa4p/install/schunk_lwa4p' for CMake module files
[1.257s] Level 1:colcon.colcon_core.environment:checking '/root/Stogl/my_new_workspace/src/schunk_robots/schunk_lwa4p/install/schunk_lwa4p' for CMake config files
[1.258s] Level 1:colcon.colcon_core.shell:create_environment_hook('schunk_lwa4p', 'cmake_prefix_path')
[1.259s] INFO:colcon.colcon_core.shell:Creating environment hook '/root/Stogl/my_new_workspace/src/schunk_robots/schunk_lwa4p/install/schunk_lwa4p/share/schunk_lwa4p/hook/cmake_prefix_path.ps1'
[1.259s] INFO:colcon.colcon_core.shell:Creating environment descriptor '/root/Stogl/my_new_workspace/src/schunk_robots/schunk_lwa4p/install/schunk_lwa4p/share/schunk_lwa4p/hook/cmake_prefix_path.dsv'
[1.260s] INFO:colcon.colcon_core.shell:Creating environment hook '/root/Stogl/my_new_workspace/src/schunk_robots/schunk_lwa4p/install/schunk_lwa4p/share/schunk_lwa4p/hook/cmake_prefix_path.sh'
[1.261s] Level 1:colcon.colcon_core.environment:checking '/root/Stogl/my_new_workspace/src/schunk_robots/schunk_lwa4p/install/schunk_lwa4p/bin'
[1.261s] Level 1:colcon.colcon_core.environment:checking '/root/Stogl/my_new_workspace/src/schunk_robots/schunk_lwa4p/install/schunk_lwa4p/lib/pkgconfig/schunk_lwa4p.pc'
[1.261s] Level 1:colcon.colcon_core.environment:checking '/root/Stogl/my_new_workspace/src/schunk_robots/schunk_lwa4p/install/schunk_lwa4p/lib/python3.10/site-packages'
[1.262s] Level 1:colcon.colcon_core.environment:checking '/root/Stogl/my_new_workspace/src/schunk_robots/schunk_lwa4p/install/schunk_lwa4p/bin'
[1.264s] INFO:colcon.colcon_core.shell:Creating package script '/root/Stogl/my_new_workspace/src/schunk_robots/schunk_lwa4p/install/schunk_lwa4p/share/schunk_lwa4p/package.ps1'
[1.264s] INFO:colcon.colcon_core.shell:Creating package descriptor '/root/Stogl/my_new_workspace/src/schunk_robots/schunk_lwa4p/install/schunk_lwa4p/share/schunk_lwa4p/package.dsv'
[1.265s] INFO:colcon.colcon_core.shell:Creating package script '/root/Stogl/my_new_workspace/src/schunk_robots/schunk_lwa4p/install/schunk_lwa4p/share/schunk_lwa4p/package.sh'
[1.265s] INFO:colcon.colcon_core.shell:Creating package script '/root/Stogl/my_new_workspace/src/schunk_robots/schunk_lwa4p/install/schunk_lwa4p/share/schunk_lwa4p/package.bash'
[1.266s] INFO:colcon.colcon_core.shell:Creating package script '/root/Stogl/my_new_workspace/src/schunk_robots/schunk_lwa4p/install/schunk_lwa4p/share/schunk_lwa4p/package.zsh'
[1.266s] Level 1:colcon.colcon_core.environment:create_file_with_runtime_dependencies(/root/Stogl/my_new_workspace/src/schunk_robots/schunk_lwa4p/install/schunk_lwa4p/share/colcon-core/packages/schunk_lwa4p)
[1.267s] DEBUG:colcon.colcon_parallel_executor.executor.parallel:closing loop
[1.268s] DEBUG:colcon.colcon_parallel_executor.executor.parallel:loop closed
[1.268s] DEBUG:colcon.colcon_parallel_executor.executor.parallel:run_until_complete finished with '0'
[1.268s] DEBUG:colcon.colcon_core.event_reactor:joining thread
[1.278s] INFO:colcon.colcon_core.plugin_system:Skipping extension 'colcon_notification.desktop_notification.notify_send': Could not find 'notify-send'
[1.279s] INFO:colcon.colcon_core.plugin_system:Skipping extension 'colcon_notification.desktop_notification.terminal_notifier': Not used on non-Darwin systems
[1.279s] INFO:colcon.colcon_core.plugin_system:Skipping extension 'colcon_notification.desktop_notification.win32': Not used on non-Windows systems
[1.279s] INFO:colcon.colcon_notification.desktop_notification:Sending desktop notification using 'notify2'
[1.281s] DEBUG:colcon.colcon_notification.desktop_notification.notify2:Failed to initialize notify2: org.freedesktop.DBus.Error.Spawn.ExecFailed: /usr/bin/dbus-launch terminated abnormally without any error message
[1.281s] DEBUG:colcon.colcon_core.event_reactor:joined thread
[1.283s] INFO:colcon.colcon_core.shell:Creating prefix script '/root/Stogl/my_new_workspace/src/schunk_robots/schunk_lwa4p/install/local_setup.ps1'
[1.284s] INFO:colcon.colcon_core.shell:Creating prefix util module '/root/Stogl/my_new_workspace/src/schunk_robots/schunk_lwa4p/install/_local_setup_util_ps1.py'
[1.286s] INFO:colcon.colcon_core.shell:Creating prefix chain script '/root/Stogl/my_new_workspace/src/schunk_robots/schunk_lwa4p/install/setup.ps1'
[1.287s] INFO:colcon.colcon_core.shell:Creating prefix script '/root/Stogl/my_new_workspace/src/schunk_robots/schunk_lwa4p/install/local_setup.sh'
[1.288s] INFO:colcon.colcon_core.shell:Creating prefix util module '/root/Stogl/my_new_workspace/src/schunk_robots/schunk_lwa4p/install/_local_setup_util_sh.py'
[1.289s] INFO:colcon.colcon_core.shell:Creating prefix chain script '/root/Stogl/my_new_workspace/src/schunk_robots/schunk_lwa4p/install/setup.sh'
[1.290s] INFO:colcon.colcon_core.shell:Creating prefix script '/root/Stogl/my_new_workspace/src/schunk_robots/schunk_lwa4p/install/local_setup.bash'
[1.291s] INFO:colcon.colcon_core.shell:Creating prefix chain script '/root/Stogl/my_new_workspace/src/schunk_robots/schunk_lwa4p/install/setup.bash'
[1.292s] INFO:colcon.colcon_core.shell:Creating prefix script '/root/Stogl/my_new_workspace/src/schunk_robots/schunk_lwa4p/install/local_setup.zsh'
[1.293s] INFO:colcon.colcon_core.shell:Creating prefix chain script '/root/Stogl/my_new_workspace/src/schunk_robots/schunk_lwa4p/install/setup.zsh'
